<?xml version="1.0" encoding="UTF-8"?>
<testsuite xmlns:xsi="http://www.w3.org/2001/XMLSchema-instance" xsi:noNamespaceSchemaLocation="https://maven.apache.org/surefire/maven-surefire-plugin/xsd/surefire-test-report.xsd" name="com.knits.enterprise.service.company.GroupServiceTest" time="0.023" tests="3" errors="0" skipped="0" failures="0">
  <properties>
[...]
</properties>
  <testcase name="testAddNonExistingEmployeeToGroup" classname="com.knits.enterprise.service.company.GroupServiceTest" time="0.019"/>
  <testcase name="testAddEmployeeToNonExistingGroup" classname="com.knits.enterprise.service.company.GroupServiceTest" time="0.001"/>
  <testcase name="testAddEmployeeToExistingGroup" classname="com.knits.enterprise.service.company.GroupServiceTest" time="0.002"/>
</testsuite>